\BOOKMARK [0][-]{chapter*.2}{Preface}{}% 1
\BOOKMARK [0][-]{chapter.1}{Chill\040Out}{}% 2
\BOOKMARK [1][-]{section.1.1}{Educator\040Guide}{chapter.1}% 3
\BOOKMARK [1][-]{section*.8}{Appendix}{chapter.1}% 4
\BOOKMARK [1][-]{section.1.2}{Student\040Guide}{chapter.1}% 5
\BOOKMARK [0][-]{chapter.2}{Electronic\040Textiles}{}% 6
\BOOKMARK [1][-]{section.2.1}{Educator\040Guide}{chapter.2}% 7
\BOOKMARK [1][-]{section.2.2}{Student\040Guide}{chapter.2}% 8
\BOOKMARK [0][-]{chapter.3}{Growing\040Green}{}% 9
\BOOKMARK [1][-]{section.3.1}{Educator\040Guide}{chapter.3}% 10
\BOOKMARK [1][-]{section.3.2}{Student\040Guide}{chapter.3}% 11
\BOOKMARK [0][-]{chapter.4}{Noise\040Makers}{}% 12
\BOOKMARK [1][-]{section.4.1}{Educator\040Guide}{chapter.4}% 13
\BOOKMARK [1][-]{section.4.2}{Student\040Guide}{chapter.4}% 14
\BOOKMARK [0][-]{chapter.5}{Pump\040It\040Up}{}% 15
\BOOKMARK [1][-]{section.5.1}{Educator\040Guide}{chapter.5}% 16
\BOOKMARK [1][-]{section.5.2}{Student\040Guide}{chapter.5}% 17
\BOOKMARK [0][-]{chapter.6}{Shoe\040Soles}{}% 18
\BOOKMARK [1][-]{section.6.1}{Educator\040Guide}{chapter.6}% 19
\BOOKMARK [1][-]{section.6.2}{Student\040Guide}{chapter.6}% 20
\BOOKMARK [0][-]{chapter.7}{Super\040Lens}{}% 21
\BOOKMARK [1][-]{section.7.1}{Educator\040Guide}{chapter.7}% 22
\BOOKMARK [1][-]{section.7.2}{Student\040Guide}{chapter.7}% 23
\BOOKMARK [0][-]{chapter.8}{U\040Control}{}% 24
\BOOKMARK [1][-]{section.8.1}{Educator\040Guide}{chapter.8}% 25
\BOOKMARK [1][-]{section.8.2}{Student\040Guide}{chapter.8}% 26
